23:17:48. INFO  manager.ApplicationManager - All tests starts in Chrome browser
23:17:48. INFO  manager.ApplicationManager - All tests starts in Chrome browser
23:17:50. INFO  tests.TestBase - Test name------------------> addNewContactPositive
23:17:50. INFO  manager.MyListener - Start search element by locator ------>By.xpath: //button[text()='Sign Out']
23:18:10. INFO  manager.MyListener - The element with locator ------>By.xpath: //button[text()='Sign Out']was found
23:18:10. INFO  manager.MyListener - Start search element by locator ------>By.xpath: //a[text()='LOGIN']
23:18:10. INFO  manager.MyListener - The element with locator ------>By.xpath: //a[text()='LOGIN']was found
23:18:11. INFO  manager.MyListener - Start search element by locator ------>By.xpath: //input[1]
23:18:11. INFO  manager.MyListener - The element with locator ------>By.xpath: //input[1]was found
23:18:11. INFO  manager.MyListener - Start search element by locator ------>By.xpath: //input[2]
23:18:11. INFO  manager.MyListener - The element with locator ------>By.xpath: //input[2]was found
23:18:11. INFO  manager.MyListener - Start search element by locator ------>By.xpath: //button[1]
23:18:11. INFO  manager.MyListener - The element with locator ------>By.xpath: //button[1]was found
23:18:11. INFO  manager.MyListener - Start search element by locator ------>By.cssSelector: .contact-item_card__2SOIM
23:18:13. INFO  manager.MyListener - The element with locator ------>By.cssSelector: .contact-item_card__2SOIMwas found
23:18:13. INFO  tests.TestBase - The test 'Add new contact' starts with count of contacts --->0
23:18:13. INFO  manager.MyListener - Start search element by locator ------>By.cssSelector: [href='/add']
23:18:13. INFO  manager.MyListener - Something went wrong!
23:18:13. INFO  manager.MyListener - unexpected alert open: {Alert text : Wrong email or password format
            Email must contains one @ and minimum 2 symbols after last dot
            Password must contain at least one uppercase letter!
            Password must contain at least one lowercase letter!
            Password must contain at least one digit!
            Password must contain at least one special symbol from [‘$’,’~’,’-‘,’_’]!}
  (Session info: chrome=99.0.4844.51): Wrong email or password format
            Email must contains one @ and minimum 2 symbols after last dot
            Password must contain at least one uppercase letter!
            Password must contain at least one lowercase letter!
            Password must contain at least one digit!
            Password must contain at least one special symbol from [‘$’,’~’,’-‘,’_’]!
Build info: version: '3.141.59', revision: 'e82be7d358', time: '2018-11-14T08:17:03'
System info: host: 'LAPTOP-NE8FH5RJ', ip: '10.0.0.21', os.name: 'Windows 10', os.arch: 'amd64', os.version: '10.0', java.version: '1.8.0_301'
Driver info: org.openqa.selenium.chrome.ChromeDriver
Capabilities {acceptInsecureCerts: false, browserName: chrome, browserVersion: 99.0.4844.51, chrome: {chromedriverVersion: 98.0.4758.102 (273bf7ac8c90..., userDataDir: C:\Users\vanan\AppData\Loca...}, goog:chromeOptions: {debuggerAddress: localhost:59529}, javascriptEnabled: true, networkConnectionEnabled: false, pageLoadStrategy: normal, platform: WINDOWS, platformName: WINDOWS, proxy: Proxy(), setWindowRect: true, strictFileInteractability: false, timeouts: {implicit: 0, pageLoad: 300000, script: 30000}, unhandledPromptBehavior: dismiss and notify, webauthn:extension:credBlob: true, webauthn:extension:largeBlob: true, webauthn:virtualAuthenticators: true}
Session ID: 7b7a9c54d3f5e83261d0a20b3a0f6f78
*** Element info: {Using=css selector, value=[href='/add']}
23:18:13. INFO  manager.MyListener - org.openqa.selenium.UnhandledAlertException: unexpected alert open: {Alert text : Wrong email or password format
            Email must contains one @ and minimum 2 symbols after last dot
            Password must contain at least one uppercase letter!
            Password must contain at least one lowercase letter!
            Password must contain at least one digit!
            Password must contain at least one special symbol from [‘$’,’~’,’-‘,’_’]!}
  (Session info: chrome=99.0.4844.51): Wrong email or password format
            Email must contains one @ and minimum 2 symbols after last dot
            Password must contain at least one uppercase letter!
            Password must contain at least one lowercase letter!
            Password must contain at least one digit!
            Password must contain at least one special symbol from [‘$’,’~’,’-‘,’_’]!
Build info: version: '3.141.59', revision: 'e82be7d358', time: '2018-11-14T08:17:03'
System info: host: 'LAPTOP-NE8FH5RJ', ip: '10.0.0.21', os.name: 'Windows 10', os.arch: 'amd64', os.version: '10.0', java.version: '1.8.0_301'
Driver info: org.openqa.selenium.chrome.ChromeDriver
Capabilities {acceptInsecureCerts: false, browserName: chrome, browserVersion: 99.0.4844.51, chrome: {chromedriverVersion: 98.0.4758.102 (273bf7ac8c90..., userDataDir: C:\Users\vanan\AppData\Loca...}, goog:chromeOptions: {debuggerAddress: localhost:59529}, javascriptEnabled: true, networkConnectionEnabled: false, pageLoadStrategy: normal, platform: WINDOWS, platformName: WINDOWS, proxy: Proxy(), setWindowRect: true, strictFileInteractability: false, timeouts: {implicit: 0, pageLoad: 300000, script: 30000}, unhandledPromptBehavior: dismiss and notify, webauthn:extension:credBlob: true, webauthn:extension:largeBlob: true, webauthn:virtualAuthenticators: true}
Session ID: 7b7a9c54d3f5e83261d0a20b3a0f6f78
*** Element info: {Using=css selector, value=[href='/add']}
23:18:14. INFO  manager.MyListener - This link to screenshot with error----------->C:\Users\vanan\Desktop\qa telran myproject\Qa11_PhoneBook\src\test\resources\screenShots
23:18:14. INFO  tests.TestBase - End of testaddNewContactPositive
23:18:14. INFO  tests.TestBase - Test name------------------> addNewContactPositive
23:18:14. INFO  manager.MyListener - Start search element by locator ------>By.xpath: //button[text()='Sign Out']
23:18:34. INFO  manager.MyListener - The element with locator ------>By.xpath: //button[text()='Sign Out']was found
23:18:34. INFO  manager.MyListener - Start search element by locator ------>By.xpath: //a[text()='LOGIN']
23:18:34. INFO  manager.MyListener - The element with locator ------>By.xpath: //a[text()='LOGIN']was found
23:18:34. INFO  manager.MyListener - Start search element by locator ------>By.xpath: //input[1]
23:18:35. INFO  manager.MyListener - The element with locator ------>By.xpath: //input[1]was found
23:18:35. INFO  manager.MyListener - Start search element by locator ------>By.xpath: //input[2]
23:18:35. INFO  manager.MyListener - The element with locator ------>By.xpath: //input[2]was found
23:18:35. INFO  manager.MyListener - Start search element by locator ------>By.xpath: //button[1]
23:18:35. INFO  manager.MyListener - The element with locator ------>By.xpath: //button[1]was found
23:18:35. INFO  manager.MyListener - Start search element by locator ------>By.cssSelector: .contact-item_card__2SOIM
23:18:36. INFO  manager.MyListener - The element with locator ------>By.cssSelector: .contact-item_card__2SOIMwas found
23:18:36. INFO  tests.TestBase - The test 'Add new contact' starts with count of contacts --->0
23:18:36. INFO  manager.MyListener - Start search element by locator ------>By.cssSelector: [href='/add']
23:18:36. INFO  manager.MyListener - Something went wrong!
23:18:36. INFO  manager.MyListener - unexpected alert open: {Alert text : Wrong email or password format
            Email must contains one @ and minimum 2 symbols after last dot
            Password must contain at least one uppercase letter!
            Password must contain at least one lowercase letter!
            Password must contain at least one digit!
            Password must contain at least one special symbol from [‘$’,’~’,’-‘,’_’]!}
  (Session info: chrome=99.0.4844.51): Wrong email or password format
            Email must contains one @ and minimum 2 symbols after last dot
            Password must contain at least one uppercase letter!
            Password must contain at least one lowercase letter!
            Password must contain at least one digit!
            Password must contain at least one special symbol from [‘$’,’~’,’-‘,’_’]!
Build info: version: '3.141.59', revision: 'e82be7d358', time: '2018-11-14T08:17:03'
System info: host: 'LAPTOP-NE8FH5RJ', ip: '10.0.0.21', os.name: 'Windows 10', os.arch: 'amd64', os.version: '10.0', java.version: '1.8.0_301'
Driver info: org.openqa.selenium.chrome.ChromeDriver
Capabilities {acceptInsecureCerts: false, browserName: chrome, browserVersion: 99.0.4844.51, chrome: {chromedriverVersion: 98.0.4758.102 (273bf7ac8c90..., userDataDir: C:\Users\vanan\AppData\Loca...}, goog:chromeOptions: {debuggerAddress: localhost:59529}, javascriptEnabled: true, networkConnectionEnabled: false, pageLoadStrategy: normal, platform: WINDOWS, platformName: WINDOWS, proxy: Proxy(), setWindowRect: true, strictFileInteractability: false, timeouts: {implicit: 0, pageLoad: 300000, script: 30000}, unhandledPromptBehavior: dismiss and notify, webauthn:extension:credBlob: true, webauthn:extension:largeBlob: true, webauthn:virtualAuthenticators: true}
Session ID: 7b7a9c54d3f5e83261d0a20b3a0f6f78
*** Element info: {Using=css selector, value=[href='/add']}
23:18:36. INFO  manager.MyListener - org.openqa.selenium.UnhandledAlertException: unexpected alert open: {Alert text : Wrong email or password format
            Email must contains one @ and minimum 2 symbols after last dot
            Password must contain at least one uppercase letter!
            Password must contain at least one lowercase letter!
            Password must contain at least one digit!
            Password must contain at least one special symbol from [‘$’,’~’,’-‘,’_’]!}
  (Session info: chrome=99.0.4844.51): Wrong email or password format
            Email must contains one @ and minimum 2 symbols after last dot
            Password must contain at least one uppercase letter!
            Password must contain at least one lowercase letter!
            Password must contain at least one digit!
            Password must contain at least one special symbol from [‘$’,’~’,’-‘,’_’]!
Build info: version: '3.141.59', revision: 'e82be7d358', time: '2018-11-14T08:17:03'
System info: host: 'LAPTOP-NE8FH5RJ', ip: '10.0.0.21', os.name: 'Windows 10', os.arch: 'amd64', os.version: '10.0', java.version: '1.8.0_301'
Driver info: org.openqa.selenium.chrome.ChromeDriver
Capabilities {acceptInsecureCerts: false, browserName: chrome, browserVersion: 99.0.4844.51, chrome: {chromedriverVersion: 98.0.4758.102 (273bf7ac8c90..., userDataDir: C:\Users\vanan\AppData\Loca...}, goog:chromeOptions: {debuggerAddress: localhost:59529}, javascriptEnabled: true, networkConnectionEnabled: false, pageLoadStrategy: normal, platform: WINDOWS, platformName: WINDOWS, proxy: Proxy(), setWindowRect: true, strictFileInteractability: false, timeouts: {implicit: 0, pageLoad: 300000, script: 30000}, unhandledPromptBehavior: dismiss and notify, webauthn:extension:credBlob: true, webauthn:extension:largeBlob: true, webauthn:virtualAuthenticators: true}
Session ID: 7b7a9c54d3f5e83261d0a20b3a0f6f78
*** Element info: {Using=css selector, value=[href='/add']}
23:18:37. INFO  manager.MyListener - This link to screenshot with error----------->C:\Users\vanan\Desktop\qa telran myproject\Qa11_PhoneBook\src\test\resources\screenShots
23:18:37. INFO  tests.TestBase - End of testaddNewContactPositive
23:18:37. INFO  tests.TestBase - Test name------------------> addNewContactPositive
23:18:37. INFO  manager.MyListener - Start search element by locator ------>By.xpath: //button[text()='Sign Out']
23:18:57. INFO  manager.MyListener - The element with locator ------>By.xpath: //button[text()='Sign Out']was found
23:18:57. INFO  manager.MyListener - Start search element by locator ------>By.xpath: //a[text()='LOGIN']
23:18:57. INFO  manager.MyListener - The element with locator ------>By.xpath: //a[text()='LOGIN']was found
23:18:57. INFO  manager.MyListener - Start search element by locator ------>By.xpath: //input[1]
23:18:57. INFO  manager.MyListener - The element with locator ------>By.xpath: //input[1]was found
23:18:57. INFO  manager.MyListener - Start search element by locator ------>By.xpath: //input[2]
23:18:57. INFO  manager.MyListener - The element with locator ------>By.xpath: //input[2]was found
23:18:57. INFO  manager.MyListener - Start search element by locator ------>By.xpath: //button[1]
23:18:57. INFO  manager.MyListener - The element with locator ------>By.xpath: //button[1]was found
23:18:58. INFO  manager.MyListener - Start search element by locator ------>By.cssSelector: .contact-item_card__2SOIM
23:18:58. INFO  manager.MyListener - The element with locator ------>By.cssSelector: .contact-item_card__2SOIMwas found
23:18:58. INFO  tests.TestBase - The test 'Add new contact' starts with count of contacts --->0
23:18:58. INFO  manager.MyListener - Start search element by locator ------>By.cssSelector: [href='/add']
23:18:58. INFO  manager.MyListener - Something went wrong!
23:18:58. INFO  manager.MyListener - unexpected alert open: {Alert text : Wrong email or password format
            Email must contains one @ and minimum 2 symbols after last dot
            Password must contain at least one uppercase letter!
            Password must contain at least one lowercase letter!
            Password must contain at least one digit!
            Password must contain at least one special symbol from [‘$’,’~’,’-‘,’_’]!}
  (Session info: chrome=99.0.4844.51): Wrong email or password format
            Email must contains one @ and minimum 2 symbols after last dot
            Password must contain at least one uppercase letter!
            Password must contain at least one lowercase letter!
            Password must contain at least one digit!
            Password must contain at least one special symbol from [‘$’,’~’,’-‘,’_’]!
Build info: version: '3.141.59', revision: 'e82be7d358', time: '2018-11-14T08:17:03'
System info: host: 'LAPTOP-NE8FH5RJ', ip: '10.0.0.21', os.name: 'Windows 10', os.arch: 'amd64', os.version: '10.0', java.version: '1.8.0_301'
Driver info: org.openqa.selenium.chrome.ChromeDriver
Capabilities {acceptInsecureCerts: false, browserName: chrome, browserVersion: 99.0.4844.51, chrome: {chromedriverVersion: 98.0.4758.102 (273bf7ac8c90..., userDataDir: C:\Users\vanan\AppData\Loca...}, goog:chromeOptions: {debuggerAddress: localhost:59529}, javascriptEnabled: true, networkConnectionEnabled: false, pageLoadStrategy: normal, platform: WINDOWS, platformName: WINDOWS, proxy: Proxy(), setWindowRect: true, strictFileInteractability: false, timeouts: {implicit: 0, pageLoad: 300000, script: 30000}, unhandledPromptBehavior: dismiss and notify, webauthn:extension:credBlob: true, webauthn:extension:largeBlob: true, webauthn:virtualAuthenticators: true}
Session ID: 7b7a9c54d3f5e83261d0a20b3a0f6f78
*** Element info: {Using=css selector, value=[href='/add']}
23:18:58. INFO  manager.MyListener - org.openqa.selenium.UnhandledAlertException: unexpected alert open: {Alert text : Wrong email or password format
            Email must contains one @ and minimum 2 symbols after last dot
            Password must contain at least one uppercase letter!
            Password must contain at least one lowercase letter!
            Password must contain at least one digit!
            Password must contain at least one special symbol from [‘$’,’~’,’-‘,’_’]!}
  (Session info: chrome=99.0.4844.51): Wrong email or password format
            Email must contains one @ and minimum 2 symbols after last dot
            Password must contain at least one uppercase letter!
            Password must contain at least one lowercase letter!
            Password must contain at least one digit!
            Password must contain at least one special symbol from [‘$’,’~’,’-‘,’_’]!
Build info: version: '3.141.59', revision: 'e82be7d358', time: '2018-11-14T08:17:03'
System info: host: 'LAPTOP-NE8FH5RJ', ip: '10.0.0.21', os.name: 'Windows 10', os.arch: 'amd64', os.version: '10.0', java.version: '1.8.0_301'
Driver info: org.openqa.selenium.chrome.ChromeDriver
Capabilities {acceptInsecureCerts: false, browserName: chrome, browserVersion: 99.0.4844.51, chrome: {chromedriverVersion: 98.0.4758.102 (273bf7ac8c90..., userDataDir: C:\Users\vanan\AppData\Loca...}, goog:chromeOptions: {debuggerAddress: localhost:59529}, javascriptEnabled: true, networkConnectionEnabled: false, pageLoadStrategy: normal, platform: WINDOWS, platformName: WINDOWS, proxy: Proxy(), setWindowRect: true, strictFileInteractability: false, timeouts: {implicit: 0, pageLoad: 300000, script: 30000}, unhandledPromptBehavior: dismiss and notify, webauthn:extension:credBlob: true, webauthn:extension:largeBlob: true, webauthn:virtualAuthenticators: true}
Session ID: 7b7a9c54d3f5e83261d0a20b3a0f6f78
*** Element info: {Using=css selector, value=[href='/add']}
23:18:59. INFO  manager.MyListener - This link to screenshot with error----------->C:\Users\vanan\Desktop\qa telran myproject\Qa11_PhoneBook\src\test\resources\screenShots
23:18:59. INFO  tests.TestBase - End of testaddNewContactPositive
